<?xml version="1.0" encoding="UTF-8"?>
<testng-results ignored="0" total="1" passed="1" failed="0" skipped="0">
  <reporter-output>
  </reporter-output>
  <suite started-at="2023-08-09T16:17:31 IST" name="Default suite" finished-at="2023-08-09T16:17:36 IST" duration-ms="4517">
    <groups>
    </groups>
    <test started-at="2023-08-09T16:17:31 IST" name="Default test" finished-at="2023-08-09T16:17:36 IST" duration-ms="4517">
      <class name="com.herokuapp.restfulbooker.PostCreate">
        <test-method signature="postCreate()[pri:0, instance:com.herokuapp.restfulbooker.PostCreate@4a7f959b]" started-at="2023-08-09T16:17:31 IST" name="postCreate" finished-at="2023-08-09T16:17:36 IST" duration-ms="4480" status="PASS">
          <reporter-output>
          </reporter-output>
        </test-method> <!-- postCreate -->
      </class> <!-- com.herokuapp.restfulbooker.PostCreate -->
    </test> <!-- Default test -->
  </suite> <!-- Default suite -->
</testng-results>
